<?xml version="1.0" encoding="UTF-8"?>
<!-- Generated by org.testng.reporters.JUnitXMLReporter -->
<testsuite hostname="ANTHONY-PC" name="MyTests" tests="3" failures="0" timestamp="11 Jun 2015 18:26:46 GMT" time="146.728" errors="0">
  <testcase name="testLogin1" time="115.792" classname="com.qa.LoginTests"/>
  <testcase name="testLoginGetVersion" time="14.718" classname="com.qa.LoginTests"/>
  <testcase name="testLoginNoIDPassword" time="16.207" classname="com.qa.LoginTests"/>
</testsuite> <!-- MyTests -->
